{
  "RSpec": {
    "coverage": {
      "/Users/paulzaich/web_apps/pollster/app/controllers/answers_controller.rb": [
        1,
        null,
        1,
        0,
        0,
        null,
        null,
        1,
        0,
        0,
        0,
        0,
        null,
        0,
        null,
        null,
        null,
        null
      ],
      "/Users/paulzaich/web_apps/pollster/app/controllers/application_controller.rb": [
        1,
        1,
        null
      ],
      "/Users/paulzaich/web_apps/pollster/app/controllers/polls_controller.rb": [
        1,
        1,
        0,
        null,
        null,
        1,
        0,
        null,
        null,
        1,
        0,
        0,
        0,
        null,
        0,
        null,
        null,
        null,
        1,
        0,
        0,
        null,
        null,
        1,
        0,
        0,
        null,
        null,
        1,
        0,
        0,
        0,
        null,
        0,
        null,
        null,
        null,
        null
      ],
      "/Users/paulzaich/web_apps/pollster/app/controllers/questions_controller.rb": [
        1,
        1,
        0,
        0,
        null,
        null,
        1,
        0,
        0,
        0,
        0,
        null,
        0,
        null,
        null,
        null,
        1,
        0,
        0,
        null,
        null,
        1,
        0,
        0,
        0,
        null,
        0,
        null,
        null,
        null,
        1,
        0,
        0,
        null,
        0,
        null,
        null,
        null
      ],
      "/Users/paulzaich/web_apps/pollster/app/controllers/responses_controller.rb": [
        1,
        1,
        null,
        null,
        1,
        null,
        null,
        1,
        0,
        null,
        null,
        1,
        null,
        null,
        null
      ],
      "/Users/paulzaich/web_apps/pollster/app/helpers/answers_helper.rb": [
        1,
        null
      ],
      "/Users/paulzaich/web_apps/pollster/app/helpers/application_helper.rb": [
        1,
        null
      ],
      "/Users/paulzaich/web_apps/pollster/app/helpers/polls_helper.rb": [
        1,
        null
      ],
      "/Users/paulzaich/web_apps/pollster/app/helpers/questions_helper.rb": [
        1,
        null
      ],
      "/Users/paulzaich/web_apps/pollster/app/helpers/responses_helper.rb": [
        1,
        null
      ],
      "/Users/paulzaich/web_apps/pollster/app/models/answer.rb": [
        1,
        1,
        1,
        1,
        null,
        1,
        null
      ],
      "/Users/paulzaich/web_apps/pollster/app/models/poll.rb": [
        1,
        1,
        1,
        null,
        1,
        null,
        1,
        null,
        1,
        null,
        1,
        null,
        null,
        1,
        null,
        1,
        0,
        null,
        null,
        null
      ],
      "/Users/paulzaich/web_apps/pollster/app/models/question.rb": [
        1,
        1,
        1,
        1,
        1,
        null,
        1,
        null
      ],
      "/Users/paulzaich/web_apps/pollster/app/models/response.rb": [
        1,
        1,
        1,
        1,
        null
      ]
    },
    "timestamp": 1343775363
  }
}
